04/15/2025 10:31:06 INICIANDO... 	 		 	 
04/15/2025 10:31:06 2.15.0.1  	 			 
04/15/2025 10:31:06 Usuário: Marco-Note(Administrador)	  	    
04/15/2025 10:31:06 Versão do Sistema Operacional: 6.2.9200	 	 			 
04/15/2025 10:31:06 64 Bits: true   		  	
04/15/2025 10:31:06 Versão do Firefox.  ( 0.7 ) 		  	 	
04/15/2025 10:31:06 UAC: Desativado 	 			  
04/15/2025 10:31:07 Verificando se Mozilla Firefox está instalado...		      
04/15/2025 10:31:07 Mozilla Firefox não instalado.
04/15/2025 10:31:07 [Ativação de segurança no navegador] Verificando...
04/15/2025 10:31:07 [Ativação de segurança no navegador] Ativando Transport Layer Security (TLS)
04/15/2025 10:31:07 [Ativação de segurança no navegador] Ok.
04/15/2025 10:31:07 [Verificação de página autêntica] Verificando...
04/15/2025 10:31:07 [Verificação de página autêntica] Ok.
04/15/2025 10:31:07 [Instalação de certificados raíz] Verificando...
04/15/2025 10:31:07 [Instalação de certificados raíz] Efetuando download do instalador...
04/15/2025 10:31:09 [Instalação de certificados raíz] Instalando...
04/15/2025 10:31:09 [Instalação de certificados raíz] Ok.
04/15/2025 10:31:09 [Verificação de Segurança de aplicações] Verificando...
04/15/2025 10:31:09 [Verificação de Segurança de aplicações] Ok.
04/15/2025 10:31:09 [Limpeza do cache de Internet] Verificando...
04/15/2025 10:31:09 [Limpeza do cache de Internet] Limpando...
04/15/2025 10:31:09 [Limpeza do cache de Internet] Ok.
04/15/2025 10:31:09 [Instalação do Warsaw] Verificando...
04/15/2025 10:31:09 [Instalação do Warsaw] Efetuando download do instalador...
04/15/2025 10:33:54 [Instalação do Warsaw] Instalando...
04/15/2025 10:34:08 [Instalação do Warsaw] Ok.
04/15/2025 10:34:08 [Verificação de funcionamento] Verificando...
04/15/2025 10:34:08 [Verificação de funcionamento] Ok.
04/15/2025 10:34:08 [Instalando cliente do Warsaw] Verificando...
04/15/2025 10:35:28 [Instalando cliente do Warsaw] Instalando...
04/15/2025 10:35:37 [Instalando cliente do Warsaw] Ok.
04/15/2025 10:35:37 [Ajustando ambiente] Verificando...
04/15/2025 10:35:37 [Ajustando ambiente] Ok.
04/15/2025 10:35:37 [Atualizando listas] Verificando...
04/15/2025 10:35:37 [Atualizando listas] Ok.
04/15/2025 10:35:37 [Concluindo execucao] Verificando...
04/15/2025 10:35:41 [Concluindo execucao] CONCLUÍDO.
04/15/2025 10:35:41 CONCLUÍDO.
04/15/2025 10:37:45 INICIANDO...
04/15/2025 10:37:45 2.15.0.1
04/15/2025 10:37:45 Usuário: Marco-Note(Administrador)
04/15/2025 10:37:45 Versão do Sistema Operacional: 6.2.9200
04/15/2025 10:37:45 64 Bits: true
04/15/2025 10:37:45 Versão do Firefox.  ( 0.7 )
04/15/2025 10:37:45 UAC: Desativado
04/15/2025 10:37:45 Verificando se Mozilla Firefox está instalado...
04/15/2025 10:37:45 Mozilla Firefox não instalado.
04/15/2025 10:37:45 [Ativação de segurança no navegador] Verificando...
04/15/2025 10:37:45 [Ativação de segurança no navegador] Ativando Transport Layer Security (TLS)
04/15/2025 10:37:45 [Ativação de segurança no navegador] Ok.
04/15/2025 10:37:45 [Verificação de página autêntica] Verificando...
04/15/2025 10:37:45 [Verificação de página autêntica] Ok.
04/15/2025 10:37:45 [Instalação de certificados raíz] Verificando...
04/15/2025 10:37:45 [Instalação de certificados raíz] Efetuando download do instalador...
04/15/2025 10:37:48 [Instalação de certificados raíz] Ok.
04/15/2025 10:37:48 [Verificação de Segurança de aplicações] Verificando...
04/15/2025 10:37:48 [Verificação de Segurança de aplicações] Ok.
04/15/2025 10:37:48 [Limpeza do cache de Internet] Verificando...
04/15/2025 10:37:48 [Limpeza do cache de Internet] Ok.
04/15/2025 10:37:48 [Instalação do Warsaw] Verificando...
04/15/2025 10:37:54 [Instalação do Warsaw] Efetuando download do instalador...
04/15/2025 10:41:43 [Instalação do Warsaw] Instalando...
04/15/2025 10:43:18 [Instalação do Warsaw] Ocorreu um problema durante a instalação.
04/15/2025 10:43:25 [Concluindo execucao] Verificando...
04/15/2025 10:44:27 [Concluindo execucao] CONCLUÍDO.
04/15/2025 10:44:27 Reiniciando o sistema...
04/15/2025 10:44:27 CONCLUÍDO.
04/15/2025 10:45:34 INICIANDO...
04/15/2025 10:45:34 2.15.0.1
04/15/2025 10:45:34 Usuário: Marco-Note(Administrador)
04/15/2025 10:45:34 Versão do Sistema Operacional: 6.2.9200
04/15/2025 10:45:34 64 Bits: true
04/15/2025 10:45:34 Versão do Firefox.  ( 0.7 )
04/15/2025 10:45:34 UAC: Desativado
04/15/2025 10:45:34 Verificando se Mozilla Firefox está instalado...
04/15/2025 10:45:34 Mozilla Firefox não instalado.
04/15/2025 10:45:34 [Ativação de segurança no navegador] Verificando...
04/15/2025 10:45:34 [Ativação de segurança no navegador] Ativando Transport Layer Security (TLS)
04/15/2025 10:45:34 [Ativação de segurança no navegador] Ok.
04/15/2025 10:45:34 [Verificação de página autêntica] Verificando...
04/15/2025 10:45:34 [Verificação de página autêntica] Ok.
04/15/2025 10:45:34 [Instalação de certificados raíz] Verificando...
04/15/2025 10:45:34 [Instalação de certificados raíz] Efetuando download do instalador...
04/15/2025 10:45:36 [Instalação de certificados raíz] Ok.
04/15/2025 10:45:36 [Verificação de Segurança de aplicações] Verificando...
04/15/2025 10:45:36 [Verificação de Segurança de aplicações] Ok.
04/15/2025 10:45:36 [Limpeza do cache de Internet] Verificando...
04/15/2025 10:45:36 [Limpeza do cache de Internet] Ok.
04/15/2025 10:45:36 [Instalação do Warsaw] Verificando...
04/15/2025 10:45:36 [Instalação do Warsaw] Efetuando download do instalador...
04/15/2025 10:46:22 [Instalação do Warsaw] Instalando...
04/15/2025 10:46:34 [Instalação do Warsaw] Ok.
04/15/2025 10:46:34 [Verificação de funcionamento] Verificando...
04/15/2025 10:46:34 [Verificação de funcionamento] Ok.
04/15/2025 10:46:34 [Instalando cliente do Warsaw] Verificando...
04/15/2025 10:46:50 [Instalando cliente do Warsaw] Ok.
04/15/2025 10:46:50 [Ajustando ambiente] Verificando...
04/15/2025 10:46:50 [Ajustando ambiente] Ok.
04/15/2025 10:46:50 [Atualizando listas] Verificando...
04/15/2025 10:46:50 [Atualizando listas] Ok.
04/15/2025 10:46:50 [Concluindo execucao] Verificando...
04/15/2025 10:46:53 [Concluindo execucao] CONCLUÍDO.
04/15/2025 10:46:53 CONCLUÍDO.
